0 verbose cli C:\Program Files\nodejs\node.exe C:\Users\Liaqat Paindah\AppData\Roaming\npm\node_modules\npm\bin\npm-cli.js
1 info using npm@8.19.1
2 info using node@v14.15.5
3 timing npm:load:whichnode Completed in 1ms
4 timing config:load:defaults Completed in 8ms
5 timing config:load:file:C:\Users\Liaqat Paindah\AppData\Roaming\npm\node_modules\npm\npmrc Completed in 51ms
6 timing config:load:builtin Completed in 52ms
7 timing config:load:cli Completed in 62ms
8 timing config:load:env Completed in 3ms
9 timing config:load:file:C:\xampp\htdocs\Gulnegar\.npmrc Completed in 1ms
10 timing config:load:project Completed in 28ms
11 timing config:load:file:C:\Users\Liaqat Paindah\.npmrc Completed in 4ms
12 timing config:load:user Completed in 4ms
13 timing config:load:file:C:\Users\Liaqat Paindah\AppData\Roaming\npm\etc\npmrc Completed in 1ms
14 timing config:load:global Completed in 3ms
15 timing config:load:validate Completed in 8ms
16 timing config:load:credentials Completed in 24ms
17 timing config:load:setEnvs Completed in 6ms
18 timing config:load Completed in 200ms
19 timing npm:load:configload Completed in 201ms
20 timing npm:load:mkdirpcache Completed in 6ms
21 timing npm:load:mkdirplogs Completed in 2ms
22 verbose title npm run watch
23 verbose argv "run" "watch"
24 timing npm:load:setTitle Completed in 11ms
25 timing config:load:flatten Completed in 46ms
26 timing npm:load:display Completed in 55ms
27 verbose logfile logs-max:10 dir:C:\xampp\htdocs\Gulnegar\E\_logs
28 verbose logfile C:\xampp\htdocs\Gulnegar\E\_logs\2022-12-11T05_06_12_694Z-debug-0.log
29 timing npm:load:logFile Completed in 29ms
30 timing npm:load:timers Completed in 1ms
31 timing npm:load:configScope Completed in 0ms
32 timing npm:load Completed in 311ms
33 silly logfile start cleaning logs, removing 1 files
34 silly logfile done cleaning log files
