0 verbose cli C:\Program Files\nodejs\node.exe C:\Users\Liaqat Paindah\AppData\Roaming\npm\node_modules\npm\bin\npm-cli.js
1 info using npm@8.19.1
2 info using node@v14.15.5
3 timing npm:load:whichnode Completed in 3ms
4 timing config:load:defaults Completed in 28ms
5 timing config:load:file:C:\Users\Liaqat Paindah\AppData\Roaming\npm\node_modules\npm\npmrc Completed in 214ms
6 timing config:load:builtin Completed in 215ms
7 timing config:load:cli Completed in 27ms
8 timing config:load:env Completed in 5ms
9 timing config:load:file:C:\xampp\htdocs\Gulnegar\.npmrc Completed in 1ms
10 timing config:load:project Completed in 23ms
11 timing config:load:file:C:\Users\Liaqat Paindah\.npmrc Completed in 4ms
12 timing config:load:user Completed in 4ms
13 timing config:load:file:C:\Users\Liaqat Paindah\AppData\Roaming\npm\etc\npmrc Completed in 2ms
14 timing config:load:global Completed in 4ms
15 timing config:load:validate Completed in 11ms
16 timing config:load:credentials Completed in 8ms
17 timing config:load:setEnvs Completed in 6ms
18 timing config:load Completed in 334ms
19 timing npm:load:configload Completed in 336ms
20 timing npm:load:mkdirpcache Completed in 6ms
21 timing npm:load:mkdirplogs Completed in 1ms
22 verbose title npm run watch
23 verbose argv "run" "watch"
24 timing npm:load:setTitle Completed in 8ms
25 timing config:load:flatten Completed in 26ms
26 timing npm:load:display Completed in 46ms
27 verbose logfile logs-max:10 dir:C:\xampp\htdocs\Gulnegar\E\_logs
28 verbose logfile C:\xampp\htdocs\Gulnegar\E\_logs\2022-12-30T05_54_22_250Z-debug-0.log
29 timing npm:load:logFile Completed in 51ms
30 timing npm:load:timers Completed in 0ms
31 timing npm:load:configScope Completed in 0ms
32 timing npm:load Completed in 460ms
33 silly logfile start cleaning logs, removing 1 files
34 silly logfile done cleaning log files
